[0603/014014:ERROR:process_info.cc(608)] range at 0x69e23b4400000000, size 0x26b fully unreadable
[0603/014014:ERROR:process_info.cc(608)] range at 0x69e23ba600000000, size 0x26b fully unreadable
[0603/014014:ERROR:process_info.cc(608)] range at 0x0, size 0x26b fully unreadable
[0603/014014:WARNING:in_range_cast.h(38)] value 2660361355604 out of range
[0603/014014:WARNING:in_range_cast.h(38)] value 2660361350818 out of range
[0603/014014:WARNING:in_range_cast.h(38)] value 2660361356052 out of range
[0603/014014:WARNING:in_range_cast.h(38)] value 2660361657024 out of range
[0603/014014:ERROR:process_info.cc(608)] range at 0xeff73b4400000000, size 0x234 fully unreadable
[0603/014014:ERROR:process_info.cc(608)] range at 0xeff73ba600000000, size 0x234 fully unreadable
[0603/014014:ERROR:process_info.cc(608)] range at 0x0, size 0x234 fully unreadable
[0603/014014:ERROR:process_reader_win.cc(141)] SuspendThread: 拒绝访问。 (0x5)
[0603/014014:ERROR:process_reader_win.cc(141)] SuspendThread: 拒绝访问。 (0x5)
[0603/014014:ERROR:process_reader_win.cc(141)] SuspendThread: 拒绝访问。 (0x5)
[0603/014014:ERROR:process_reader_win.cc(141)] SuspendThread: 拒绝访问。 (0x5)
[0603/014014:ERROR:process_reader_win.cc(141)] SuspendThread: 拒绝访问。 (0x5)
[0603/014014:ERROR:process_reader_win.cc(141)] SuspendThread: 拒绝访问。 (0x5)
[0603/014014:ERROR:process_reader_win.cc(141)] SuspendThread: 拒绝访问。 (0x5)
[0603/014014:ERROR:process_reader_win.cc(141)] SuspendThread: 拒绝访问。 (0x5)
[0603/014014:ERROR:process_reader_win.cc(141)] SuspendThread: 拒绝访问。 (0x5)
[0603/014014:ERROR:process_reader_win.cc(141)] SuspendThread: 拒绝访问。 (0x5)
[0603/014014:ERROR:exception_snapshot_win.cc(57)] thread ID 1124 not found in process
[0603/014014:WARNING:crash_report_exception_handler.cc(60)] ProcessSnapshotWin::InitializeException failed
[0603/014014:ERROR:process_info.cc(608)] range at 0x8a123b4200000000, size 0x14e fully unreadable
[0603/014014:ERROR:process_info.cc(608)] range at 0x8a123ba400000000, size 0x14e fully unreadable
[0603/014014:ERROR:process_info.cc(608)] range at 0x0, size 0x14e fully unreadable
[0603/014014:ERROR:process_reader_win.cc(141)] SuspendThread: 拒绝访问。 (0x5)
[0603/014014:ERROR:exception_snapshot_win.cc(57)] thread ID 15560 not found in process
[0603/014014:WARNING:crash_report_exception_handler.cc(60)] ProcessSnapshotWin::InitializeException failed
[0603/014014:ERROR:scoped_process_suspend.cc(38)] NtResumeProcess, ntstatus=-1073741558
[0621/152848:ERROR:process_info.cc(608)] range at 0x92153fe000000000, size 0x27c fully unreadable
[0621/152848:ERROR:process_info.cc(608)] range at 0x9215404400000000, size 0x27c fully unreadable
[0621/152848:ERROR:process_info.cc(608)] range at 0x0, size 0x27c fully unreadable
[0621/152848:WARNING:in_range_cast.h(38)] value 2734050057362 out of range
[0621/152848:WARNING:in_range_cast.h(38)] value 2734050052594 out of range
[0621/152848:WARNING:in_range_cast.h(38)] value 2734050057810 out of range
[0621/152848:WARNING:in_range_cast.h(38)] value 2734050561232 out of range
[0730/035247:ERROR:process_info.cc(608)] range at 0x111c406400000000, size 0x1c8 fully unreadable
[0730/035247:ERROR:process_info.cc(608)] range at 0x111c40c600000000, size 0x1c8 fully unreadable
[0730/035247:ERROR:process_info.cc(608)] range at 0x0, size 0x1c8 fully unreadable
[0730/035247:ERROR:process_reader_win.cc(141)] SuspendThread: 拒绝访问。 (0x5)
[0730/035247:ERROR:process_reader_win.cc(141)] SuspendThread: 拒绝访问。 (0x5)
[0730/035247:ERROR:process_reader_win.cc(141)] SuspendThread: 拒绝访问。 (0x5)
[0730/035247:ERROR:process_reader_win.cc(141)] SuspendThread: 拒绝访问。 (0x5)
[0730/035247:ERROR:process_reader_win.cc(141)] SuspendThread: 拒绝访问。 (0x5)
[0730/035247:ERROR:process_reader_win.cc(141)] SuspendThread: 拒绝访问。 (0x5)
[0730/035247:ERROR:process_reader_win.cc(141)] SuspendThread: 拒绝访问。 (0x5)
[0730/035247:ERROR:process_reader_win.cc(141)] SuspendThread: 拒绝访问。 (0x5)
[0730/035247:ERROR:process_reader_win.cc(141)] SuspendThread: 拒绝访问。 (0x5)
[0730/035247:ERROR:process_reader_win.cc(141)] SuspendThread: 拒绝访问。 (0x5)
[0730/035247:ERROR:process_reader_win.cc(141)] SuspendThread: 拒绝访问。 (0x5)
[0730/035247:ERROR:process_reader_win.cc(141)] SuspendThread: 拒绝访问。 (0x5)
[0730/035247:ERROR:exception_snapshot_win.cc(57)] thread ID 6440 not found in process
[0730/035247:WARNING:crash_report_exception_handler.cc(60)] ProcessSnapshotWin::InitializeException failed
[0806/114632:ERROR:process_info.cc(372)] NtQuerySystemInformation SystemExtendedHandleInformation: {没有足够配额} 没有足够的虚拟内存或分页文件配额以完成指定的操作。  (0xc0000017)
[0806/120252:ERROR:process_info.cc(372)] NtQuerySystemInformation SystemExtendedHandleInformation: {没有足够配额} 没有足够的虚拟内存或分页文件配额以完成指定的操作。  (0xc0000017)
[0806/120353:ERROR:process_info.cc(372)] NtQuerySystemInformation SystemExtendedHandleInformation: {没有足够配额} 没有足够的虚拟内存或分页文件配额以完成指定的操作。  (0xc0000017)
[0806/120607:ERROR:process_info.cc(372)] NtQuerySystemInformation SystemExtendedHandleInformation: {没有足够配额} 没有足够的虚拟内存或分页文件配额以完成指定的操作。  (0xc0000017)
[0806/120845:ERROR:process_info.cc(372)] NtQuerySystemInformation SystemExtendedHandleInformation: {没有足够配额} 没有足够的虚拟内存或分页文件配额以完成指定的操作。  (0xc0000017)
